Flutter crash report.
Please report a bug at https://github.com/flutter/flutter/issues.

## command

flutter run -d all

## exception

_Exception: Exception: Unsupported platform name "multiple"

```
#0      getTargetPlatformForName (package:flutter_tools/src/build_info.dart:818:10)
#1      HotRunner._targetPlatform (package:flutter_tools/src/run_hot.dart:133:9)
#2      HotRunner._attach (package:flutter_tools/src/run_hot.dart:305:23)
<asynchronous suspension>
#3      RunCommand.runCommand (package:flutter_tools/src/commands/run.dart:891:27)
<asynchronous suspension>
#4      FlutterCommand.run.<anonymous closure> (package:flutter_tools/src/runner/flutter_command.dart:1559:27)
<asynchronous suspension>
#5      AppContext.run.<anonymous closure> (package:flutter_tools/src/base/context.dart:154:19)
<asynchronous suspension>
#6      CommandRunner.runCommand (package:args/command_runner.dart:212:13)
<asynchronous suspension>
#7      FlutterCommandRunner.runCommand.<anonymous closure> (package:flutter_tools/src/runner/flutter_command_runner.dart:487:9)
<asynchronous suspension>
#8      AppContext.run.<anonymous closure> (package:flutter_tools/src/base/context.dart:154:19)
<asynchronous suspension>
#9      FlutterCommandRunner.runCommand (package:flutter_tools/src/runner/flutter_command_runner.dart:422:5)
<asynchronous suspension>
#10     run.<anonymous closure>.<anonymous closure> (package:flutter_tools/runner.dart:104:11)
<asynchronous suspension>
#11     AppContext.run.<anonymous closure> (package:flutter_tools/src/base/context.dart:154:19)
<asynchronous suspension>
#12     main (package:flutter_tools/executable.dart:103:3)
<asynchronous suspension>
```

## flutter doctor

```
[32m[✓][39m Flutter (Channel stable, 3.38.3, on macOS 15.6 24G84 darwin-arm64, locale en-QA) [204ms]
    [32m•[39m Flutter version 3.38.3 on channel stable at /opt/homebrew/Caskroom/flutter/3.24.3/flutter
    [32m•[39m Upstream repository https://github.com/flutter/flutter.git
    [32m•[39m Framework revision 19074d12f7 (3 weeks ago), 2025-11-20 17:53:13 -0500
    [32m•[39m Engine revision 13e658725d
    [32m•[39m Dart version 3.10.1
    [32m•[39m DevTools version 2.51.1
    [32m•[39m Feature flags: enable-web, enable-linux-desktop, enable-macos-desktop, enable-windows-desktop, enable-android, enable-ios, cli-animations, enable-native-assets,
      omit-legacy-version-file, enable-lldb-debugging

[31m[✗][39m Android toolchain - develop for Android devices [152ms]
    [31m✗[39m Unable to locate Android SDK.
      Install Android Studio from: https://developer.android.com/studio/index.html
      On first launch it will assist you in installing the Android SDK components.
      (or visit https://flutter.dev/to/macos-android-setup for detailed instructions).
      If the Android SDK has been installed to a custom location, please use
      `flutter config --android-sdk` to update to that location.


[32m[✓][39m Xcode - develop for iOS and macOS (Xcode 26.1.1) [283ms]
    [32m•[39m Xcode at /Applications/Xcode.app/Contents/Developer
    [32m•[39m Build 17B100
    [32m•[39m CocoaPods version 1.16.2

[32m[✓][39m Chrome - develop for the web [2ms]
    [32m•[39m Chrome at /Applications/Google Chrome.app/Contents/MacOS/Google Chrome

[32m[✓][39m Connected device (3 available) [6.2s]
    [32m•[39m IPhone 14 Pro Max (mobile) • 00008120-001E14E20E40C01E • ios            • iOS 18.5 22F76
    [32m•[39m macOS (desktop)            • macos                     • darwin-arm64   • macOS 15.6 24G84 darwin-arm64
    [32m•[39m Chrome (web)               • chrome                    • web-javascript • Google Chrome 143.0.7499.41
    [33m![39m Error: Browsing on the local area network for Widad’s iPhone. Ensure the device is unlocked and attached with a cable or associated with the same local area
      network as this Mac.
      The device must be opted into Developer Mode to connect wirelessly. (code -27)
    [33m![39m Error: Browsing on the local area network for Charlie's burner phone. Ensure the device is unlocked and attached with a cable or associated with the same local
      area network as this Mac.
      The device must be opted into Developer Mode to connect wirelessly. (code -27)

[32m[✓][39m Network resources [283ms]
    [32m•[39m All expected network resources are available.

[33m![39m Doctor found issues in 1 category.
```
